This is pdfTeX, Version 3.14159265-2.6-1.40.19 (TeX Live 2018) (preloaded format=pdflatex 2019.8.2)  2 OCT 2019 22:36
entering extended mode
 restricted \write18 enabled.
 %&-line parsing enabled.
**Ultimate-QuizBowl-Guide.tex
(./Ultimate-QuizBowl-Guide.tex
LaTeX2e <2018-04-01> patch level 5
(/usr/share/texlive/texmf-dist/tex/latex/base/book.cls
Document Class: book 2014/09/29 v1.4h Standard LaTeX document class
(/usr/share/texlive/texmf-dist/tex/latex/base/bk12.clo
File: bk12.clo 2014/09/29 v1.4h Standard LaTeX file (size option)
)
\c@part=\count80
\c@chapter=\count81
\c@section=\count82
\c@subsection=\count83
\c@subsubsection=\count84
\c@paragraph=\count85
\c@subparagraph=\count86
\c@figure=\count87
\c@table=\count88
\abovecaptionskip=\skip41
\belowcaptionskip=\skip42
\bibindent=\dimen102
)
(/usr/share/texlive/texmf-dist/tex/latex/cclicenses/cclicenses.sty
Package: cclicenses 2005/05/20 v0.4 CC licenses typesetting

(/usr/share/texlive/texmf-dist/tex/latex/graphics/rotating.sty
Package: rotating 2016/08/11 v2.16d rotated objects in LaTeX

(/usr/share/texlive/texmf-dist/tex/latex/graphics/graphicx.sty
Package: graphicx 2017/06/01 v1.1a Enhanced LaTeX Graphics (DPC,SPQR)

(/usr/share/texlive/texmf-dist/tex/latex/graphics/keyval.sty
Package: keyval 2014/10/28 v1.15 key=value parser (DPC)
\KV@toks@=\toks14
)
(/usr/share/texlive/texmf-dist/tex/latex/graphics/graphics.sty
Package: graphics 2017/06/25 v1.2c Standard LaTeX Graphics (DPC,SPQR)

(/usr/share/texlive/texmf-dist/tex/latex/graphics/trig.sty
Package: trig 2016/01/03 v1.10 sin cos tan (DPC)
)
(/usr/share/texlive/texmf-dist/tex/latex/graphics-cfg/graphics.cfg
File: graphics.cfg 2016/06/04 v1.11 sample graphics configuration
)
Package graphics Info: Driver file: pdftex.def on input line 99.

(/usr/share/texlive/texmf-dist/tex/latex/graphics-def/pdftex.def
File: pdftex.def 2018/01/08 v1.0l Graphics/color driver for pdftex
))
\Gin@req@height=\dimen103
\Gin@req@width=\dimen104
)
(/usr/share/texlive/texmf-dist/tex/latex/base/ifthen.sty
Package: ifthen 2014/09/29 v1.1c Standard LaTeX ifthen package (DPC)
)
\c@r@tfl@t=\count89
\rotFPtop=\skip43
\rotFPbot=\skip44
\rot@float@box=\box26
\rot@mess@toks=\toks15
)
\chardim=\dimen105
\hdim=\dimen106
\htmp=\dimen107
\hpos=\count90
\vpos=\count91
)
(./Ultimate-QuizBowl-Guide.aux)
\openout1 = `Ultimate-QuizBowl-Guide.aux'.

LaTeX Font Info:    Checking defaults for OML/cmm/m/it on input line 6.
LaTeX Font Info:    ... okay on input line 6.
LaTeX Font Info:    Checking defaults for T1/cmr/m/n on input line 6.
LaTeX Font Info:    ... okay on input line 6.
LaTeX Font Info:    Checking defaults for OT1/cmr/m/n on input line 6.
LaTeX Font Info:    ... okay on input line 6.
LaTeX Font Info:    Checking defaults for OMS/cmsy/m/n on input line 6.
LaTeX Font Info:    ... okay on input line 6.
LaTeX Font Info:    Checking defaults for OMX/cmex/m/n on input line 6.
LaTeX Font Info:    ... okay on input line 6.
LaTeX Font Info:    Checking defaults for U/cmr/m/n on input line 6.
LaTeX Font Info:    ... okay on input line 6.

(/usr/share/texlive/texmf-dist/tex/context/base/mkii/supp-pdf.mkii
[Loading MPS to PDF converter (version 2006.09.02).]
\scratchcounter=\count92
\scratchdimen=\dimen108
\scratchbox=\box27
\nofMPsegments=\count93
\nofMParguments=\count94
\everyMPshowfont=\toks16
\MPscratchCnt=\count95
\MPscratchDim=\dimen109
\MPnumerator=\count96
\makeMPintoPDFobject=\count97
\everyMPtoPDFconversion=\toks17
) (/usr/share/texlive/texmf-dist/tex/latex/oberdiek/epstopdf-base.sty
Package: epstopdf-base 2016/05/15 v2.6 Base part for package epstopdf

(/usr/share/texlive/texmf-dist/tex/generic/oberdiek/infwarerr.sty
Package: infwarerr 2016/05/16 v1.4 Providing info/warning/error messages (HO)
)
(/usr/share/texlive/texmf-dist/tex/latex/oberdiek/grfext.sty
Package: grfext 2016/05/16 v1.2 Manage graphics extensions (HO)

(/usr/share/texlive/texmf-dist/tex/generic/oberdiek/kvdefinekeys.sty
Package: kvdefinekeys 2016/05/16 v1.4 Define keys (HO)

(/usr/share/texlive/texmf-dist/tex/generic/oberdiek/ltxcmds.sty
Package: ltxcmds 2016/05/16 v1.23 LaTeX kernel commands for general use (HO)
)))
(/usr/share/texlive/texmf-dist/tex/latex/oberdiek/kvoptions.sty
Package: kvoptions 2016/05/16 v3.12 Key value format for package options (HO)

(/usr/share/texlive/texmf-dist/tex/generic/oberdiek/kvsetkeys.sty
Package: kvsetkeys 2016/05/16 v1.17 Key value parser (HO)

(/usr/share/texlive/texmf-dist/tex/generic/oberdiek/etexcmds.sty
Package: etexcmds 2016/05/16 v1.6 Avoid name clashes with e-TeX commands (HO)

(/usr/share/texlive/texmf-dist/tex/generic/oberdiek/ifluatex.sty
Package: ifluatex 2016/05/16 v1.4 Provides the ifluatex switch (HO)
Package ifluatex Info: LuaTeX not detected.
)
Package etexcmds Info: Could not find \expanded.
(etexcmds)             That can mean that you are not using pdfTeX 1.50 or
(etexcmds)             that some package has redefined \expanded.
(etexcmds)             In the latter case, load this package earlier.
)))
(/usr/share/texlive/texmf-dist/tex/generic/oberdiek/pdftexcmds.sty
Package: pdftexcmds 2018/01/30 v0.27 Utility functions of pdfTeX for LuaTeX (HO
)

(/usr/share/texlive/texmf-dist/tex/generic/oberdiek/ifpdf.sty
Package: ifpdf 2017/03/15 v3.2 Provides the ifpdf switch
)
Package pdftexcmds Info: LuaTeX not detected.
Package pdftexcmds Info: \pdf@primitive is available.
Package pdftexcmds Info: \pdf@ifprimitive is available.
Package pdftexcmds Info: \pdfdraftmode found.
)
Package epstopdf-base Info: Redefining graphics rule for `.eps' on input line 4
38.
Package grfext Info: Graphics extension search list:
(grfext)             [.pdf,.png,.jpg,.mps,.jpeg,.jbig2,.jb2,.PDF,.PNG,.JPG,.JPE
G,.JBIG2,.JB2,.eps]
(grfext)             \AppendGraphicsExtensions on input line 456.

(/usr/share/texlive/texmf-dist/tex/latex/latexconfig/epstopdf-sys.cfg
File: epstopdf-sys.cfg 2010/07/13 v1.3 Configuration of (r)epstopdf for TeX Liv
e
))
LaTeX Font Info:    External font `cmex10' loaded for size
(Font)              <14.4> on input line 11.
LaTeX Font Info:    External font `cmex10' loaded for size
(Font)              <7> on input line 11.

Overfull \hbox (30.31664pt too wide) in paragraph at lines 11--11
 [][] 
 []

[1



{/usr/share/texlive/texmf-dist/fonts/map/pdftex/updmap/pdftex.map}]
LaTeX Font Info:    Try loading font information for OT1+phv on input line 13.

(/usr/share/texlive/texmf-dist/tex/latex/psnfss/ot1phv.fd
File: ot1phv.fd 2001/06/04 scalable font definitions for OT1/phv.
)
LaTeX Font Info:    Try loading font information for OMS+phv on input line 13.

(/usr/share/texlive/texmf-dist/tex/latex/psnfss/omsphv.fd
File: omsphv.fd 
)
LaTeX Font Info:    Font shape `OMS/phv/b/n' in size <24.88> not available
(Font)              Font shape `OMS/cmsy/b/n' tried instead on input line 13.
LaTeX Font Info:    Font shape `OMS/phv/b/n' in size <22.59259> not available
(Font)              Font shape `OMS/cmsy/b/n' tried instead on input line 13.


LaTeX Font Warning: Font shape `OMS/cmsy/b/n' in size <22.59259> not available
(Font)              size <20.74> substituted on input line 13.

[2] (./Ultimate-QuizBowl-Guide.toc
LaTeX Font Info:    External font `cmex10' loaded for size
(Font)              <12> on input line 3.
LaTeX Font Info:    External font `cmex10' loaded for size
(Font)              <8> on input line 3.
LaTeX Font Info:    External font `cmex10' loaded for size
(Font)              <6> on input line 3.
 [3

] [4] [5])
\tf@toc=\write3
\openout3 = `Ultimate-QuizBowl-Guide.toc'.

 [6]
Chapter 1.
[1


] [2

]
Chapter 2.
[3] [4]
Overfull \hbox (4.95285pt too wide) in paragraph at lines 53--54
\OT1/cmr/m/n/12 ocean which has formed the Emperor-Hawaiian Seamount Chain that
 stretches
 []

LaTeX Font Info:    Try loading font information for OMS+cmr on input line 57.
(/usr/share/texlive/texmf-dist/tex/latex/base/omscmr.fd
File: omscmr.fd 2014/09/29 v2.5h Standard LaTeX font definitions
)
LaTeX Font Info:    Font shape `OMS/cmr/m/n' in size <12> not available
(Font)              Font shape `OMS/cmsy/m/n' tried instead on input line 57.
 [5] [6] [7] [8

]
Chapter 3.
[9] [10

]
Chapter 4.
[11] [12

]
Chapter 5.
[13] [14

]
Chapter 6.
[15] [16

]
Chapter 7.
[17] [18

]
Chapter 8.
[19] [20

]
Chapter 9.
[21] [22

]
Chapter 10.
[23] [24

]
Chapter 11.
[25] [26

]
Chapter 12.

Underfull \vbox (badness 10000) has occurred while \output is active []

 [27]
Overfull \vbox (105.13335pt too high) has occurred while \output is active []


[28] [29] [30

]
Chapter 13.
[31] (./Ultimate-QuizBowl-Guide.aux)

LaTeX Font Warning: Size substitutions with differences
(Font)              up to 1.85258pt have occurred.

 ) 
Here is how much of TeX's memory you used:
 1724 strings out of 494587
 24481 string characters out of 6177760
 90587 words of memory out of 5000000
 5341 multiletter control sequences out of 15000+600000
 15819 words of font info for 43 fonts, out of 8000000 for 9000
 14 hyphenation exceptions out of 8191
 41i,10n,25p,325b,268s stack positions out of 5000i,500n,10000p,200000b,80000s
{/usr/share/texlive/texmf-dist/fonts/enc/dvips/base/8r.enc}</usr/share/texliv
e/texmf-dist/fonts/type1/public/amsfonts/cm/cmbsy10.pfb></usr/share/texlive/tex
mf-dist/fonts/type1/public/amsfonts/cm/cmbx12.pfb></usr/share/texlive/texmf-dis
t/fonts/type1/public/amsfonts/cm/cmr12.pfb></usr/share/texlive/texmf-dist/fonts
/type1/public/amsfonts/cm/cmr17.pfb></usr/share/texlive/texmf-dist/fonts/type1/
public/amsfonts/cm/cmsl12.pfb></usr/share/texlive/texmf-dist/fonts/type1/public
/amsfonts/cm/cmsy10.pfb></usr/share/texlive/texmf-dist/fonts/type1/urw/helvetic
/uhvb8a.pfb>
Output written on Ultimate-QuizBowl-Guide.pdf (37 pages, 97776 bytes).
PDF statistics:
 155 PDF objects out of 1000 (max. 8388607)
 107 compressed objects within 2 object streams
 0 named destinations out of 1000 (max. 500000)
 1 words of extra memory for PDF output out of 10000 (max. 10000000)

