\BOOKMARK [0][-]{chapter.1}{Introduction}{}% 1
\BOOKMARK [0][-]{chapter.2}{Current Events}{}% 2
\BOOKMARK [1][-]{section.2.1}{Introduction to Current Events}{chapter.2}% 3
\BOOKMARK [1][-]{section.2.2}{Business}{chapter.2}% 4
\BOOKMARK [1][-]{section.2.3}{Politics}{chapter.2}% 5
\BOOKMARK [1][-]{section.2.4}{Science}{chapter.2}% 6
\BOOKMARK [0][-]{chapter.3}{Fine Arts}{}% 7
\BOOKMARK [1][-]{section.3.1}{Visual}{chapter.3}% 8
\BOOKMARK [2][-]{subsection.3.1.1}{Architecture}{section.3.1}% 9
\BOOKMARK [2][-]{subsection.3.1.2}{Sculpture}{section.3.1}% 10
\BOOKMARK [2][-]{subsection.3.1.3}{Painting}{section.3.1}% 11
\BOOKMARK [2][-]{subsection.3.1.4}{Other}{section.3.1}% 12
\BOOKMARK [1][-]{section.3.2}{Performing}{chapter.3}% 13
\BOOKMARK [2][-]{subsection.3.2.1}{Plays}{section.3.2}% 14
\BOOKMARK [2][-]{subsection.3.2.2}{Operas}{section.3.2}% 15
\BOOKMARK [2][-]{subsection.3.2.3}{Music}{section.3.2}% 16
\BOOKMARK [0][-]{chapter.4}{Geography}{}% 17
\BOOKMARK [1][-]{section.4.1}{Africa}{chapter.4}% 18
\BOOKMARK [1][-]{section.4.2}{Antarctica}{chapter.4}% 19
\BOOKMARK [1][-]{section.4.3}{Asia}{chapter.4}% 20
\BOOKMARK [1][-]{section.4.4}{Australia and Oceania}{chapter.4}% 21
\BOOKMARK [1][-]{section.4.5}{Europe}{chapter.4}% 22
\BOOKMARK [1][-]{section.4.6}{North America}{chapter.4}% 23
\BOOKMARK [1][-]{section.4.7}{South America}{chapter.4}% 24
\BOOKMARK [1][-]{section.4.8}{Oceans}{chapter.4}% 25
\BOOKMARK [0][-]{chapter.5}{History}{}% 26
\BOOKMARK [1][-]{section.5.1}{Ancient History}{chapter.5}% 27
\BOOKMARK [1][-]{section.5.2}{American History}{chapter.5}% 28
\BOOKMARK [1][-]{section.5.3}{European History}{chapter.5}% 29
\BOOKMARK [1][-]{section.5.4}{Religious History}{chapter.5}% 30
\BOOKMARK [1][-]{section.5.5}{World History}{chapter.5}% 31
\BOOKMARK [0][-]{chapter.6}{Literature}{}% 32
\BOOKMARK [1][-]{section.6.1}{American Literature}{chapter.6}% 33
\BOOKMARK [2][-]{subsection.6.1.1}{Fiction}{section.6.1}% 34
\BOOKMARK [2][-]{subsection.6.1.2}{Nonfiction}{section.6.1}% 35
\BOOKMARK [2][-]{subsection.6.1.3}{Poetry}{section.6.1}% 36
\BOOKMARK [1][-]{section.6.2}{European Literature}{chapter.6}% 37
\BOOKMARK [2][-]{subsection.6.2.1}{Fiction}{section.6.2}% 38
\BOOKMARK [2][-]{subsection.6.2.2}{Poetry}{section.6.2}% 39
\BOOKMARK [1][-]{section.6.3}{Religious Literature}{chapter.6}% 40
\BOOKMARK [1][-]{section.6.4}{World Literature}{chapter.6}% 41
\BOOKMARK [0][-]{chapter.7}{Mythology}{}% 42
\BOOKMARK [0][-]{chapter.8}{Pop Culture}{}% 43
\BOOKMARK [1][-]{section.8.1}{Pop Music}{chapter.8}% 44
\BOOKMARK [1][-]{section.8.2}{Entertainment}{chapter.8}% 45
\BOOKMARK [2][-]{subsection.8.2.1}{Video Games}{section.8.2}% 46
\BOOKMARK [2][-]{subsection.8.2.2}{Wrestling}{section.8.2}% 47
\BOOKMARK [0][-]{chapter.9}{Science}{}% 48
\BOOKMARK [1][-]{section.9.1}{Astronomy}{chapter.9}% 49
\BOOKMARK [2][-]{subsection.9.1.1}{Constellations}{section.9.1}% 50
\BOOKMARK [2][-]{subsection.9.1.2}{Cosmology}{section.9.1}% 51
\BOOKMARK [2][-]{subsection.9.1.3}{Solar System}{section.9.1}% 52
\BOOKMARK [2][-]{subsection.9.1.4}{Stars}{section.9.1}% 53
\BOOKMARK [2][-]{subsection.9.1.5}{Telescopes}{section.9.1}% 54
\BOOKMARK [1][-]{section.9.2}{Biology}{chapter.9}% 55
\BOOKMARK [1][-]{section.9.3}{Chemistry}{chapter.9}% 56
\BOOKMARK [1][-]{section.9.4}{Computer Science}{chapter.9}% 57
\BOOKMARK [1][-]{section.9.5}{Earth Science}{chapter.9}% 58
\BOOKMARK [2][-]{subsection.9.5.1}{Geology}{section.9.5}% 59
\BOOKMARK [2][-]{subsection.9.5.2}{Forensic Science}{section.9.5}% 60
\BOOKMARK [2][-]{subsection.9.5.3}{Meteorology}{section.9.5}% 61
\BOOKMARK [2][-]{subsection.9.5.4}{Oceanography}{section.9.5}% 62
\BOOKMARK [1][-]{section.9.6}{Physics}{chapter.9}% 63
\BOOKMARK [2][-]{subsection.9.6.1}{Classical Physics}{section.9.6}% 64
\BOOKMARK [2][-]{subsection.9.6.2}{Thermodynamics}{section.9.6}% 65
\BOOKMARK [2][-]{subsection.9.6.3}{Modern Physics}{section.9.6}% 66
\BOOKMARK [0][-]{chapter.10}{Social Science}{}% 67
\BOOKMARK [0][-]{chapter.11}{Sports}{}% 68
\BOOKMARK [1][-]{section.11.1}{Professional}{chapter.11}% 69
\BOOKMARK [2][-]{subsection.11.1.1}{Baseball}{section.11.1}% 70
\BOOKMARK [2][-]{subsection.11.1.2}{Basketball}{section.11.1}% 71
\BOOKMARK [2][-]{subsection.11.1.3}{Boxing}{section.11.1}% 72
\BOOKMARK [2][-]{subsection.11.1.4}{Car Racing}{section.11.1}% 73
\BOOKMARK [2][-]{subsection.11.1.5}{Curling}{section.11.1}% 74
\BOOKMARK [2][-]{subsection.11.1.6}{Cycling}{section.11.1}% 75
\BOOKMARK [2][-]{subsection.11.1.7}{Golf}{section.11.1}% 76
\BOOKMARK [2][-]{subsection.11.1.8}{Gymnastics}{section.11.1}% 77
\BOOKMARK [2][-]{subsection.11.1.9}{Hockey}{section.11.1}% 78
\BOOKMARK [2][-]{subsection.11.1.10}{Figure Skating}{section.11.1}% 79
\BOOKMARK [2][-]{subsection.11.1.11}{Football}{section.11.1}% 80
\BOOKMARK [2][-]{subsection.11.1.12}{Skateboarding}{section.11.1}% 81
\BOOKMARK [2][-]{subsection.11.1.13}{Soccer}{section.11.1}% 82
\BOOKMARK [2][-]{subsection.11.1.14}{Softball}{section.11.1}% 83
\BOOKMARK [2][-]{subsection.11.1.15}{Swimming}{section.11.1}% 84
\BOOKMARK [2][-]{subsection.11.1.16}{Tennis}{section.11.1}% 85
\BOOKMARK [2][-]{subsection.11.1.17}{Track and Field}{section.11.1}% 86
\BOOKMARK [2][-]{subsection.11.1.18}{Volleyball}{section.11.1}% 87
\BOOKMARK [2][-]{subsection.11.1.19}{Weight Lifting}{section.11.1}% 88
\BOOKMARK [1][-]{section.11.2}{College}{chapter.11}% 89
\BOOKMARK [2][-]{subsection.11.2.1}{Baseball}{section.11.2}% 90
\BOOKMARK [2][-]{subsection.11.2.2}{Basketball}{section.11.2}% 91
\BOOKMARK [2][-]{subsection.11.2.3}{Golf}{section.11.2}% 92
\BOOKMARK [2][-]{subsection.11.2.4}{Hockey}{section.11.2}% 93
\BOOKMARK [2][-]{subsection.11.2.5}{Football}{section.11.2}% 94
\BOOKMARK [2][-]{subsection.11.2.6}{Soccer}{section.11.2}% 95
\BOOKMARK [2][-]{subsection.11.2.7}{Tennis}{section.11.2}% 96
\BOOKMARK [1][-]{section.11.3}{Olympic Sports}{chapter.11}% 97
\BOOKMARK [2][-]{subsection.11.3.1}{-athalons}{section.11.3}% 98
\BOOKMARK [0][-]{chapter.12}{Theology and Philosophy}{}% 99
\BOOKMARK [0][-]{chapter.13}{Miscellaneous}{}% 100
